<?xml version="1.0" encoding="UTF-8"?>
<!-- Generated by org.testng.reporters.JUnitReportReporter -->
<testsuite skipped="0" hostname="IXED-LAP000264" name="com.iexceed.TraditionalTestsV1.Task3" tests="5" failures="0" timestamp="30 Jun 2020 07:41:44 GMT" time="130.354" errors="0">
  <testcase name="Mobile" time="26.981" classname="com.iexceed.TraditionalTestsV1.Task3"/>
  <testcase name="Laptop_Desktop" time="10.731" classname="com.iexceed.TraditionalTestsV1.Task3"/>
  <testcase name="Tab" time="38.061" classname="com.iexceed.TraditionalTestsV1.Task3"/>
  <testcase name="Tab" time="38.282" classname="com.iexceed.TraditionalTestsV1.Task3"/>
  <testcase name="Laptop_Desktop" time="16.299" classname="com.iexceed.TraditionalTestsV1.Task3"/>
</testsuite> <!-- com.iexceed.TraditionalTestsV1.Task3 -->
