<?xml version="1.0" encoding="UTF-8"?>
<!-- Generated by org.testng.reporters.JUnitReportReporter -->
<testsuite skipped="0" hostname="IXED-LAP000264" name="com.iexceed.TraditionalTestsV1.Task2" tests="5" failures="0" timestamp="30 Jun 2020 07:41:44 GMT" time="93.413" errors="0">
  <testcase name="Tab" time="18.124" classname="com.iexceed.TraditionalTestsV1.Task2"/>
  <testcase name="Laptop_Desktop" time="20.714" classname="com.iexceed.TraditionalTestsV1.Task2"/>
  <testcase name="Mobile" time="13.878" classname="com.iexceed.TraditionalTestsV1.Task2"/>
  <testcase name="Tab" time="33.149" classname="com.iexceed.TraditionalTestsV1.Task2"/>
  <testcase name="Laptop_Desktop" time="7.548" classname="com.iexceed.TraditionalTestsV1.Task2"/>
</testsuite> <!-- com.iexceed.TraditionalTestsV1.Task2 -->
