<?xml version="1.0" encoding="UTF-8"?>
<!-- Generated by org.testng.reporters.JUnitReportReporter -->
<testsuite skipped="0" hostname="IXED-DESKSLM015" name="com.iexceed.TraditionalTestsV1.CrossBrowserElementsTest" tests="5" failures="0" timestamp="29 Jun 2020 09:37:49 GMT" time="96.601" errors="0">
  <testcase name="Tab" time="24.587" classname="com.iexceed.TraditionalTestsV1.CrossBrowserElementsTest"/>
  <testcase name="Mobile" time="11.119" classname="com.iexceed.TraditionalTestsV1.CrossBrowserElementsTest"/>
  <testcase name="Laptop_Desktop" time="16.180" classname="com.iexceed.TraditionalTestsV1.CrossBrowserElementsTest"/>
  <testcase name="Laptop_Desktop" time="19.103" classname="com.iexceed.TraditionalTestsV1.CrossBrowserElementsTest"/>
  <testcase name="Tab" time="25.612" classname="com.iexceed.TraditionalTestsV1.CrossBrowserElementsTest"/>
</testsuite> <!-- com.iexceed.TraditionalTestsV1.CrossBrowserElementsTest -->
