<?xml version="1.0" encoding="UTF-8"?>
<!-- Generated by org.testng.reporters.JUnitReportReporter -->
<testsuite skipped="0" hostname="IXED-LAP000264" name="com.iexceed.TraditionalTestsV1.Task1" tests="5" failures="0" timestamp="30 Jun 2020 07:41:44 GMT" time="127.074" errors="0">
  <testcase name="Tab" time="27.110" classname="com.iexceed.TraditionalTestsV1.Task1"/>
  <testcase name="Mobile" time="15.566" classname="com.iexceed.TraditionalTestsV1.Task1"/>
  <testcase name="Laptop_Desktop" time="21.003" classname="com.iexceed.TraditionalTestsV1.Task1"/>
  <testcase name="Laptop_Desktop" time="24.413" classname="com.iexceed.TraditionalTestsV1.Task1"/>
  <testcase name="Tab" time="38.982" classname="com.iexceed.TraditionalTestsV1.Task1"/>
</testsuite> <!-- com.iexceed.TraditionalTestsV1.Task1 -->
