<?xml version="1.0" encoding="UTF-8"?>
<!-- Generated by org.testng.reporters.JUnitReportReporter -->
<testsuite skipped="0" hostname="IXED-DESKSLM015" name="com.iexceed.TraditionalTestsV1.ShoppingExperienceTest" tests="5" failures="0" timestamp="29 Jun 2020 09:37:49 GMT" time="89.523" errors="0">
  <testcase name="Mobile" time="9.742" classname="com.iexceed.TraditionalTestsV1.ShoppingExperienceTest"/>
  <testcase name="Laptop_Desktop" time="22.417" classname="com.iexceed.TraditionalTestsV1.ShoppingExperienceTest"/>
  <testcase name="Laptop_Desktop" time="5.361" classname="com.iexceed.TraditionalTestsV1.ShoppingExperienceTest"/>
  <testcase name="Tab" time="16.145" classname="com.iexceed.TraditionalTestsV1.ShoppingExperienceTest"/>
  <testcase name="Tab" time="35.858" classname="com.iexceed.TraditionalTestsV1.ShoppingExperienceTest"/>
</testsuite> <!-- com.iexceed.TraditionalTestsV1.ShoppingExperienceTest -->
