<?xml version="1.0" encoding="UTF-8"?>
<testsuite xmlns:xsi="http://www.w3.org/2001/XMLSchema-instance" xsi:noNamespaceSchemaLocation="https://maven.apache.org/surefire/maven-surefire-plugin/xsd/surefire-test-report-3.0.xsd" version="3.0" name="TestSuite" time="351.274" tests="15" errors="0" skipped="0" failures="0">
  <properties>
    <property name="sun.desktop" value="gnome"/>
    <property name="awt.toolkit" value="sun.awt.X11.XToolkit"/>
    <property name="file.encoding.pkg" value="sun.io"/>
    <property name="java.specification.version" value="1.8"/>
    <property name="sun.cpu.isalist" value=""/>
    <property name="sun.jnu.encoding" value="UTF-8"/>
    <property name="java.class.path" value="/home/i-exceed.com/meera.venkatasamy/Desktop/MeeraHack/FinalCut_V4.0/TraditionalTestsV1/target/test-classes:/home/i-exceed.com/meera.venkatasamy/Desktop/MeeraHack/FinalCut_V4.0/TraditionalTestsV1/target/classes:/home/i-exceed.com/meera.venkatasamy/.m2/repository/org/testng/testng/6.14.3/testng-6.14.3.jar:/home/i-exceed.com/meera.venkatasamy/.m2/repository/com/beust/jcommander/1.72/jcommander-1.72.jar:/home/i-exceed.com/meera.venkatasamy/.m2/repository/org/apache-extras/beanshell/bsh/2.0b6/bsh-2.0b6.jar:/home/i-exceed.com/meera.venkatasamy/.m2/repository/org/seleniumhq/selenium/selenium-java/3.141.59/selenium-java-3.141.59.jar:/home/i-exceed.com/meera.venkatasamy/.m2/repository/org/seleniumhq/selenium/selenium-api/3.141.59/selenium-api-3.141.59.jar:/home/i-exceed.com/meera.venkatasamy/.m2/repository/org/seleniumhq/selenium/selenium-chrome-driver/3.141.59/selenium-chrome-driver-3.141.59.jar:/home/i-exceed.com/meera.venkatasamy/.m2/repository/org/seleniumhq/selenium/selenium-edge-driver/3.141.59/selenium-edge-driver-3.141.59.jar:/home/i-exceed.com/meera.venkatasamy/.m2/repository/org/seleniumhq/selenium/selenium-firefox-driver/3.141.59/selenium-firefox-driver-3.141.59.jar:/home/i-exceed.com/meera.venkatasamy/.m2/repository/org/seleniumhq/selenium/selenium-ie-driver/3.141.59/selenium-ie-driver-3.141.59.jar:/home/i-exceed.com/meera.venkatasamy/.m2/repository/org/seleniumhq/selenium/selenium-opera-driver/3.141.59/selenium-opera-driver-3.141.59.jar:/home/i-exceed.com/meera.venkatasamy/.m2/repository/org/seleniumhq/selenium/selenium-remote-driver/3.141.59/selenium-remote-driver-3.141.59.jar:/home/i-exceed.com/meera.venkatasamy/.m2/repository/org/seleniumhq/selenium/selenium-safari-driver/3.141.59/selenium-safari-driver-3.141.59.jar:/home/i-exceed.com/meera.venkatasamy/.m2/repository/org/seleniumhq/selenium/selenium-support/3.141.59/selenium-support-3.141.59.jar:/home/i-exceed.com/meera.venkatasamy/.m2/repository/net/bytebuddy/byte-buddy/1.8.15/byte-buddy-1.8.15.jar:/home/i-exceed.com/meera.venkatasamy/.m2/repository/org/apache/commons/commons-exec/1.3/commons-exec-1.3.jar:/home/i-exceed.com/meera.venkatasamy/.m2/repository/com/google/guava/guava/25.0-jre/guava-25.0-jre.jar:/home/i-exceed.com/meera.venkatasamy/.m2/repository/com/google/code/findbugs/jsr305/1.3.9/jsr305-1.3.9.jar:/home/i-exceed.com/meera.venkatasamy/.m2/repository/org/checkerframework/checker-compat-qual/2.0.0/checker-compat-qual-2.0.0.jar:/home/i-exceed.com/meera.venkatasamy/.m2/repository/com/google/errorprone/error_prone_annotations/2.1.3/error_prone_annotations-2.1.3.jar:/home/i-exceed.com/meera.venkatasamy/.m2/repository/com/google/j2objc/j2objc-annotations/1.1/j2objc-annotations-1.1.jar:/home/i-exceed.com/meera.venkatasamy/.m2/repository/org/codehaus/mojo/animal-sniffer-annotations/1.14/animal-sniffer-annotations-1.14.jar:/home/i-exceed.com/meera.venkatasamy/.m2/repository/com/squareup/okhttp3/okhttp/3.11.0/okhttp-3.11.0.jar:/home/i-exceed.com/meera.venkatasamy/.m2/repository/com/squareup/okio/okio/1.14.0/okio-1.14.0.jar:"/>
    <property name="java.vm.vendor" value="Oracle Corporation"/>
    <property name="sun.arch.data.model" value="64"/>
    <property name="java.vendor.url" value="http://java.oracle.com/"/>
    <property name="user.timezone" value=""/>
    <property name="java.vm.specification.version" value="1.8"/>
    <property name="os.name" value="Linux"/>
    <property name="user.country" value="IN"/>
    <property name="sun.java.launcher" value="SUN_STANDARD"/>
    <property name="sun.boot.library.path" value="/usr/lib/jvm/java-8-oracle/jre/lib/amd64"/>
    <property name="sun.java.command" value="/home/i-exceed.com/meera.venkatasamy/Desktop/MeeraHack/FinalCut_V4.0/TraditionalTestsV1/target/surefire/surefirebooter5719135077761362115.jar /home/i-exceed.com/meera.venkatasamy/Desktop/MeeraHack/FinalCut_V4.0/TraditionalTestsV1/target/surefire 2020-06-30T13-05-52_506-jvmRun1 surefire8485080385928824912tmp surefire_08147306166008024713tmp"/>
    <property name="surefire.test.class.path" value="/home/i-exceed.com/meera.venkatasamy/Desktop/MeeraHack/FinalCut_V4.0/TraditionalTestsV1/target/test-classes:/home/i-exceed.com/meera.venkatasamy/Desktop/MeeraHack/FinalCut_V4.0/TraditionalTestsV1/target/classes:/home/i-exceed.com/meera.venkatasamy/.m2/repository/org/testng/testng/6.14.3/testng-6.14.3.jar:/home/i-exceed.com/meera.venkatasamy/.m2/repository/com/beust/jcommander/1.72/jcommander-1.72.jar:/home/i-exceed.com/meera.venkatasamy/.m2/repository/org/apache-extras/beanshell/bsh/2.0b6/bsh-2.0b6.jar:/home/i-exceed.com/meera.venkatasamy/.m2/repository/org/seleniumhq/selenium/selenium-java/3.141.59/selenium-java-3.141.59.jar:/home/i-exceed.com/meera.venkatasamy/.m2/repository/org/seleniumhq/selenium/selenium-api/3.141.59/selenium-api-3.141.59.jar:/home/i-exceed.com/meera.venkatasamy/.m2/repository/org/seleniumhq/selenium/selenium-chrome-driver/3.141.59/selenium-chrome-driver-3.141.59.jar:/home/i-exceed.com/meera.venkatasamy/.m2/repository/org/seleniumhq/selenium/selenium-edge-driver/3.141.59/selenium-edge-driver-3.141.59.jar:/home/i-exceed.com/meera.venkatasamy/.m2/repository/org/seleniumhq/selenium/selenium-firefox-driver/3.141.59/selenium-firefox-driver-3.141.59.jar:/home/i-exceed.com/meera.venkatasamy/.m2/repository/org/seleniumhq/selenium/selenium-ie-driver/3.141.59/selenium-ie-driver-3.141.59.jar:/home/i-exceed.com/meera.venkatasamy/.m2/repository/org/seleniumhq/selenium/selenium-opera-driver/3.141.59/selenium-opera-driver-3.141.59.jar:/home/i-exceed.com/meera.venkatasamy/.m2/repository/org/seleniumhq/selenium/selenium-remote-driver/3.141.59/selenium-remote-driver-3.141.59.jar:/home/i-exceed.com/meera.venkatasamy/.m2/repository/org/seleniumhq/selenium/selenium-safari-driver/3.141.59/selenium-safari-driver-3.141.59.jar:/home/i-exceed.com/meera.venkatasamy/.m2/repository/org/seleniumhq/selenium/selenium-support/3.141.59/selenium-support-3.141.59.jar:/home/i-exceed.com/meera.venkatasamy/.m2/repository/net/bytebuddy/byte-buddy/1.8.15/byte-buddy-1.8.15.jar:/home/i-exceed.com/meera.venkatasamy/.m2/repository/org/apache/commons/commons-exec/1.3/commons-exec-1.3.jar:/home/i-exceed.com/meera.venkatasamy/.m2/repository/com/google/guava/guava/25.0-jre/guava-25.0-jre.jar:/home/i-exceed.com/meera.venkatasamy/.m2/repository/com/google/code/findbugs/jsr305/1.3.9/jsr305-1.3.9.jar:/home/i-exceed.com/meera.venkatasamy/.m2/repository/org/checkerframework/checker-compat-qual/2.0.0/checker-compat-qual-2.0.0.jar:/home/i-exceed.com/meera.venkatasamy/.m2/repository/com/google/errorprone/error_prone_annotations/2.1.3/error_prone_annotations-2.1.3.jar:/home/i-exceed.com/meera.venkatasamy/.m2/repository/com/google/j2objc/j2objc-annotations/1.1/j2objc-annotations-1.1.jar:/home/i-exceed.com/meera.venkatasamy/.m2/repository/org/codehaus/mojo/animal-sniffer-annotations/1.14/animal-sniffer-annotations-1.14.jar:/home/i-exceed.com/meera.venkatasamy/.m2/repository/com/squareup/okhttp3/okhttp/3.11.0/okhttp-3.11.0.jar:/home/i-exceed.com/meera.venkatasamy/.m2/repository/com/squareup/okio/okio/1.14.0/okio-1.14.0.jar:"/>
    <property name="sun.cpu.endian" value="little"/>
    <property name="user.home" value="/home/i-exceed.com/meera.venkatasamy"/>
    <property name="user.language" value="en"/>
    <property name="java.specification.vendor" value="Oracle Corporation"/>
    <property name="java.home" value="/usr/lib/jvm/java-8-oracle/jre"/>
    <property name="basedir" value="/home/i-exceed.com/meera.venkatasamy/Desktop/MeeraHack/FinalCut_V4.0/TraditionalTestsV1"/>
    <property name="file.separator" value="/"/>
    <property name="line.separator" value="&#10;"/>
    <property name="java.vm.specification.vendor" value="Oracle Corporation"/>
    <property name="java.specification.name" value="Java Platform API Specification"/>
    <property name="java.awt.graphicsenv" value="sun.awt.X11GraphicsEnvironment"/>
    <property name="surefire.real.class.path" value="/home/i-exceed.com/meera.venkatasamy/Desktop/MeeraHack/FinalCut_V4.0/TraditionalTestsV1/target/surefire/surefirebooter5719135077761362115.jar"/>
    <property name="sun.boot.class.path" value="/usr/lib/jvm/java-8-oracle/jre/lib/resources.jar:/usr/lib/jvm/java-8-oracle/jre/lib/rt.jar:/usr/lib/jvm/java-8-oracle/jre/lib/sunrsasign.jar:/usr/lib/jvm/java-8-oracle/jre/lib/jsse.jar:/usr/lib/jvm/java-8-oracle/jre/lib/jce.jar:/usr/lib/jvm/java-8-oracle/jre/lib/charsets.jar:/usr/lib/jvm/java-8-oracle/jre/lib/jfr.jar:/usr/lib/jvm/java-8-oracle/jre/classes"/>
    <property name="sun.management.compiler" value="HotSpot 64-Bit Tiered Compilers"/>
    <property name="java.runtime.version" value="1.8.0_151-b12"/>
    <property name="user.name" value="meera.venkatasamy"/>
    <property name="path.separator" value=":"/>
    <property name="os.version" value="4.15.0-88-generic"/>
    <property name="java.endorsed.dirs" value="/usr/lib/jvm/java-8-oracle/jre/lib/endorsed"/>
    <property name="java.runtime.name" value="Java(TM) SE Runtime Environment"/>
    <property name="file.encoding" value="UTF-8"/>
    <property name="java.vm.name" value="Java HotSpot(TM) 64-Bit Server VM"/>
    <property name="localRepository" value="/home/i-exceed.com/meera.venkatasamy/.m2/repository"/>
    <property name="java.vendor.url.bug" value="http://bugreport.sun.com/bugreport/"/>
    <property name="java.io.tmpdir" value="/tmp"/>
    <property name="java.version" value="1.8.0_151"/>
    <property name="user.dir" value="/home/i-exceed.com/meera.venkatasamy/Desktop/MeeraHack/FinalCut_V4.0/TraditionalTestsV1"/>
    <property name="os.arch" value="amd64"/>
    <property name="java.vm.specification.name" value="Java Virtual Machine Specification"/>
    <property name="java.awt.printerjob" value="sun.print.PSPrinterJob"/>
    <property name="sun.os.patch.level" value="unknown"/>
    <property name="java.library.path" value="/usr/java/packages/lib/amd64:/usr/lib64:/lib64:/lib:/usr/lib"/>
    <property name="java.vm.info" value="mixed mode"/>
    <property name="java.vendor" value="Oracle Corporation"/>
    <property name="java.vm.version" value="25.151-b12"/>
    <property name="java.ext.dirs" value="/usr/lib/jvm/java-8-oracle/jre/lib/ext:/usr/java/packages/lib/ext"/>
    <property name="sun.io.unicode.encoding" value="UnicodeLittle"/>
    <property name="java.class.version" value="52.0"/>
  </properties>
  <testcase name="Laptop_Desktop" classname="com.iexceed.TraditionalTestsV1.Task1" time="20.931"/>
  <testcase name="Laptop_Desktop" classname="com.iexceed.TraditionalTestsV1.Task1" time="24.292"/>
  <testcase name="Mobile" classname="com.iexceed.TraditionalTestsV1.Task1" time="15.493"/>
  <testcase name="Tab" classname="com.iexceed.TraditionalTestsV1.Task1" time="19.19"/>
  <testcase name="Tab" classname="com.iexceed.TraditionalTestsV1.Task1" time="31.918"/>
  <testcase name="Laptop_Desktop" classname="com.iexceed.TraditionalTestsV1.Task2" time="7.471"/>
  <testcase name="Laptop_Desktop" classname="com.iexceed.TraditionalTestsV1.Task2" time="12.467"/>
  <testcase name="Mobile" classname="com.iexceed.TraditionalTestsV1.Task2" time="13.803"/>
  <testcase name="Tab" classname="com.iexceed.TraditionalTestsV1.Task2" time="18.051"/>
  <testcase name="Tab" classname="com.iexceed.TraditionalTestsV1.Task2" time="22.915"/>
  <testcase name="Laptop_Desktop" classname="com.iexceed.TraditionalTestsV1.Task3" time="10.652"/>
  <testcase name="Laptop_Desktop" classname="com.iexceed.TraditionalTestsV1.Task3" time="16.224"/>
  <testcase name="Mobile" classname="com.iexceed.TraditionalTestsV1.Task3" time="19.064"/>
  <testcase name="Tab" classname="com.iexceed.TraditionalTestsV1.Task3" time="30.344"/>
  <testcase name="Tab" classname="com.iexceed.TraditionalTestsV1.Task3" time="38.208"/>
</testsuite>